{
  "stats": {
    "suites": 1,
    "tests": 5,
    "passes": 5,
    "pending": 0,
    "failures": 0,
    "start": "2024-04-25T14:07:01.475Z",
    "end": "2024-04-25T14:07:37.382Z",
    "duration": 35907,
    "testsRegistered": 5,
    "passPercent": 100,
    "pendingPercent": 0,
    "other": 0,
    "hasOther": false,
    "skipped": 0,
    "hasSkipped": false
  },
  "results": [
    {
      "uuid": "69b36c5f-87d4-4be6-8331-b6f9ac3404a9",
      "title": "",
      "fullFile": "cypress/e2e/ExceptionsTests/TestException.cy.js",
      "file": "cypress/e2e/ExceptionsTests/TestException.cy.js",
      "beforeHooks": [],
      "afterHooks": [],
      "tests": [],
      "suites": [
        {
          "uuid": "24c0c6e7-9a9c-4134-b53b-378ac49a9faf",
          "title": "Test Suite For Exception Handling",
          "fullFile": "",
          "file": "",
          "beforeHooks": [],
          "afterHooks": [],
          "tests": [
            {
              "title": "Test case 1: NoSuchElementException Scenario",
              "fullTitle": "Test Suite For Exception Handling Test case 1: NoSuchElementException Scenario",
              "timedOut": null,
              "duration": 11612,
              "state": "passed",
              "speed": "slow",
              "pass": true,
              "fail": false,
              "pending": false,
              "context": "{\n  \"title\": \"cypress-mochawesome-reporter-videos-passed\",\n  \"value\": \"cypress/e2e/ExceptionsTests/TestException.cy.js\"\n}",
              "code": "const api = creds.api;\nexp.addTextAndVerifyNewInputBox(api.name);",
              "err": {},
              "uuid": "ae72559a-aace-4898-957e-3a46a39f8dc9",
              "parentUUID": "24c0c6e7-9a9c-4134-b53b-378ac49a9faf",
              "isHook": false,
              "skipped": false
            },
            {
              "title": "Test case 2: ElementNotInteractableException handling",
              "fullTitle": "Test Suite For Exception Handling Test case 2: ElementNotInteractableException handling",
              "timedOut": null,
              "duration": 9687,
              "state": "passed",
              "speed": "medium",
              "pass": true,
              "fail": false,
              "pending": false,
              "context": "{\n  \"title\": \"cypress-mochawesome-reporter-videos-passed\",\n  \"value\": \"cypress/e2e/ExceptionsTests/TestException.cy.js\"\n}",
              "code": "const api = creds.api;\nexp.addTextAndVerifyNewInputBox(api.name);\nexp.addDataInNewRow(api.job);\nexp.saveSucessVerification('Row 2 was saved');",
              "err": {},
              "uuid": "02e73d7e-f4ff-4cb5-be37-9e5d80cd5e14",
              "parentUUID": "24c0c6e7-9a9c-4134-b53b-378ac49a9faf",
              "isHook": false,
              "skipped": false
            },
            {
              "title": "Test case 3 : Verify By default input field is disabled",
              "fullTitle": "Test Suite For Exception Handling Test case 3 : Verify By default input field is disabled",
              "timedOut": null,
              "duration": 3872,
              "state": "passed",
              "speed": "fast",
              "pass": true,
              "fail": false,
              "pending": false,
              "context": "{\n  \"title\": \"cypress-mochawesome-reporter-videos-passed\",\n  \"value\": \"cypress/e2e/ExceptionsTests/TestException.cy.js\"\n}",
              "code": "exp.inputAreaDisabled();",
              "err": {},
              "uuid": "305f64c5-dd8e-4a99-9cba-03a2cbd9517e",
              "parentUUID": "24c0c6e7-9a9c-4134-b53b-378ac49a9faf",
              "isHook": false,
              "skipped": false
            },
            {
              "title": "Test case 4: StaleElementReferenceException handling",
              "fullTitle": "Test Suite For Exception Handling Test case 4: StaleElementReferenceException handling",
              "timedOut": null,
              "duration": 2750,
              "state": "passed",
              "speed": "fast",
              "pass": true,
              "fail": false,
              "pending": false,
              "context": "{\n  \"title\": \"cypress-mochawesome-reporter-videos-passed\",\n  \"value\": \"cypress/e2e/ExceptionsTests/TestException.cy.js\"\n}",
              "code": "exp.verifyAddButtonShouldNotvisible('Row 2 was added');",
              "err": {},
              "uuid": "5d245086-b2ff-462b-adb1-3e3ae99c51fd",
              "parentUUID": "24c0c6e7-9a9c-4134-b53b-378ac49a9faf",
              "isHook": false,
              "skipped": false
            },
            {
              "title": "Test case 5: TimeoutException handling",
              "fullTitle": "Test Suite For Exception Handling Test case 5: TimeoutException handling",
              "timedOut": null,
              "duration": 7761,
              "state": "passed",
              "speed": "medium",
              "pass": true,
              "fail": false,
              "pending": false,
              "context": "{\n  \"title\": \"cypress-mochawesome-reporter-videos-passed\",\n  \"value\": \"cypress/e2e/ExceptionsTests/TestException.cy.js\"\n}",
              "code": "exp.clickAddButtonAndVerifyTwoRows();",
              "err": {},
              "uuid": "b539a5c2-3c2b-4fd9-b39d-76617d137315",
              "parentUUID": "24c0c6e7-9a9c-4134-b53b-378ac49a9faf",
              "isHook": false,
              "skipped": false
            }
          ],
          "suites": [],
          "passes": [
            "ae72559a-aace-4898-957e-3a46a39f8dc9",
            "02e73d7e-f4ff-4cb5-be37-9e5d80cd5e14",
            "305f64c5-dd8e-4a99-9cba-03a2cbd9517e",
            "5d245086-b2ff-462b-adb1-3e3ae99c51fd",
            "b539a5c2-3c2b-4fd9-b39d-76617d137315"
          ],
          "failures": [],
          "pending": [],
          "skipped": [],
          "duration": 35682,
          "root": false,
          "rootEmpty": false,
          "_timeout": 2000
        }
      ],
      "passes": [],
      "failures": [],
      "pending": [],
      "skipped": [],
      "duration": 0,
      "root": true,
      "rootEmpty": true,
      "_timeout": 2000
    }
  ],
  "meta": {
    "mocha": {
      "version": "7.0.1"
    },
    "mochawesome": {
      "options": {
        "quiet": true,
        "reportFilename": "mochawesome",
        "saveHtml": true,
        "saveJson": true,
        "consoleReporter": "spec",
        "useInlineDiffs": false,
        "code": true
      },
      "version": "7.1.3"
    },
    "marge": {
      "options": {
        "reportDir": "cypress/reports/mochawesome",
        "quiet": true,
        "overwrite": false,
        "html": true,
        "json": true,
        "charts": true,
        "reportPageTitle": "Cypress Inline Reporter",
        "embeddedScreenshots": true,
        "inlineAssets": true,
        "saveAllAttempts": false
      },
      "version": "6.2.0"
    }
  }
}