{
  "stats": {
    "suites": 1,
    "tests": 5,
    "passes": 5,
    "pending": 0,
    "failures": 0,
    "start": "2024-04-25T14:03:45.569Z",
    "end": "2024-04-25T14:04:21.951Z",
    "duration": 36382,
    "testsRegistered": 5,
    "passPercent": 100,
    "pendingPercent": 0,
    "other": 0,
    "hasOther": false,
    "skipped": 0,
    "hasSkipped": false
  },
  "results": [
    {
      "uuid": "c8ff2a14-15fa-4682-a9ad-84afa967b90d",
      "title": "",
      "fullFile": "cypress/e2e/LoginTests/LoginTest.cy.js",
      "file": "cypress/e2e/LoginTests/LoginTest.cy.js",
      "beforeHooks": [],
      "afterHooks": [],
      "tests": [],
      "suites": [
        {
          "uuid": "0db46ccf-22fa-4efb-97be-15b3dc42a486",
          "title": "Visit Practice Automation for Practice",
          "fullFile": "",
          "file": "",
          "beforeHooks": [],
          "afterHooks": [],
          "tests": [
            {
              "title": "Verify Successful Login with Valid Credentials",
              "fullTitle": "Visit Practice Automation for Practice Verify Successful Login with Valid Credentials",
              "timedOut": null,
              "duration": 9384,
              "state": "passed",
              "speed": "medium",
              "pass": true,
              "fail": false,
              "pending": false,
              "context": "{\n  \"title\": \"cypress-mochawesome-reporter-videos-passed\",\n  \"value\": \"cypress/e2e/LoginTests/LoginTest.cy.js\"\n}",
              "code": "const Credentials = creds.validCredentials;\nlp.verifyLoginPageDetailsPresent();\nlp.inputUsername(Credentials.username);\nlp.inputPassword(Credentials.password);\nlp.clicksubmitButton();\nlp.successfulLoginAfterPage();\nlp.signout();\nlp.verifyLoginPageDetailsPresent();",
              "err": {},
              "uuid": "125c645b-db9b-47d7-8764-0857b472149b",
              "parentUUID": "0db46ccf-22fa-4efb-97be-15b3dc42a486",
              "isHook": false,
              "skipped": false
            },
            {
              "title": "Verify Error Notification when Login with Inccorect Username and Correct Password",
              "fullTitle": "Visit Practice Automation for Practice Verify Error Notification when Login with Inccorect Username and Correct Password",
              "timedOut": null,
              "duration": 886,
              "state": "passed",
              "speed": "fast",
              "pass": true,
              "fail": false,
              "pending": false,
              "context": "{\n  \"title\": \"cypress-mochawesome-reporter-videos-passed\",\n  \"value\": \"cypress/e2e/LoginTests/LoginTest.cy.js\"\n}",
              "code": "const Credentials = creds.incorrectUsernameCredentials;\nlp.verifyLoginPageDetailsPresent();\nlp.inputUsername(Credentials.username);\nlp.inputPassword(Credentials.password);\nlp.clicksubmitButton();\nlp.verifyInvalidUsernamePopup();\nlp.verifyLoginPageDetailsPresent();",
              "err": {},
              "uuid": "945380d7-c47a-4451-b802-527c3482e60f",
              "parentUUID": "0db46ccf-22fa-4efb-97be-15b3dc42a486",
              "isHook": false,
              "skipped": false
            },
            {
              "title": "Verify Error Notification when Login with Correct Username and Invalid Password",
              "fullTitle": "Visit Practice Automation for Practice Verify Error Notification when Login with Correct Username and Invalid Password",
              "timedOut": null,
              "duration": 844,
              "state": "passed",
              "speed": "fast",
              "pass": true,
              "fail": false,
              "pending": false,
              "context": "{\n  \"title\": \"cypress-mochawesome-reporter-videos-passed\",\n  \"value\": \"cypress/e2e/LoginTests/LoginTest.cy.js\"\n}",
              "code": "const Credentials = creds.incorrectPasswordCredenntials;\nlp.verifyLoginPageDetailsPresent();\nlp.inputUsername(Credentials.username);\nlp.inputPassword(Credentials.password);\nlp.clicksubmitButton();\nlp.verifyInvalidPasswordPopup();\nlp.verifyLoginPageDetailsPresent();",
              "err": {},
              "uuid": "7d67fb1d-b0f2-4d1f-a769-ddb9b344599d",
              "parentUUID": "0db46ccf-22fa-4efb-97be-15b3dc42a486",
              "isHook": false,
              "skipped": false
            },
            {
              "title": "Verify Successful Login when login Credentials are fetched from Page and submitted",
              "fullTitle": "Visit Practice Automation for Practice Verify Successful Login when login Credentials are fetched from Page and submitted",
              "timedOut": null,
              "duration": 24934,
              "state": "passed",
              "speed": "slow",
              "pass": true,
              "fail": false,
              "pending": false,
              "context": "{\n  \"title\": \"cypress-mochawesome-reporter-videos-passed\",\n  \"value\": \"cypress/e2e/LoginTests/LoginTest.cy.js\"\n}",
              "code": "lp.verifyLoginPageDetailsPresent();\nlp.verifyLoginPageAppeared();\nlp.fetchLoginCredsfromPage();\nlp.successfulLoginAfterPage();\nlp.signout();\nlp.verifyLoginPageDetailsPresent();",
              "err": {},
              "uuid": "a2eeee02-0c57-469c-801d-b382cf8af3db",
              "parentUUID": "0db46ccf-22fa-4efb-97be-15b3dc42a486",
              "isHook": false,
              "skipped": false
            },
            {
              "title": "Verify Username Error if Submit is clicked without entering Username and Password",
              "fullTitle": "Visit Practice Automation for Practice Verify Username Error if Submit is clicked without entering Username and Password",
              "timedOut": null,
              "duration": 150,
              "state": "passed",
              "speed": "fast",
              "pass": true,
              "fail": false,
              "pending": false,
              "context": "{\n  \"title\": \"cypress-mochawesome-reporter-videos-passed\",\n  \"value\": \"cypress/e2e/LoginTests/LoginTest.cy.js\"\n}",
              "code": "lp.verifyLoginPageDetailsPresent();\nlp.verifyLoginPageAppeared();\nlp.clicksubmitButton();\nlp.verifyInvalidUsernamePopup();\nlp.verifyLoginPageDetailsPresent();",
              "err": {},
              "uuid": "08fefb16-13eb-4cc8-90dc-be89fc62356f",
              "parentUUID": "0db46ccf-22fa-4efb-97be-15b3dc42a486",
              "isHook": false,
              "skipped": false
            }
          ],
          "suites": [],
          "passes": [
            "125c645b-db9b-47d7-8764-0857b472149b",
            "945380d7-c47a-4451-b802-527c3482e60f",
            "7d67fb1d-b0f2-4d1f-a769-ddb9b344599d",
            "a2eeee02-0c57-469c-801d-b382cf8af3db",
            "08fefb16-13eb-4cc8-90dc-be89fc62356f"
          ],
          "failures": [],
          "pending": [],
          "skipped": [],
          "duration": 36198,
          "root": false,
          "rootEmpty": false,
          "_timeout": 2000
        }
      ],
      "passes": [],
      "failures": [],
      "pending": [],
      "skipped": [],
      "duration": 0,
      "root": true,
      "rootEmpty": true,
      "_timeout": 2000
    }
  ],
  "meta": {
    "mocha": {
      "version": "7.0.1"
    },
    "mochawesome": {
      "options": {
        "quiet": false,
        "reportFilename": "mochawesome",
        "saveHtml": true,
        "saveJson": true,
        "consoleReporter": "spec",
        "useInlineDiffs": false,
        "code": true
      },
      "version": "7.1.3"
    },
    "marge": {
      "options": {
        "reportDir": "cypress/reports/mochawesome"
      },
      "version": "6.2.0"
    }
  }
}