{
  "stats": {
    "suites": 1,
    "tests": 5,
    "passes": 5,
    "pending": 0,
    "failures": 0,
    "start": "2024-04-25T13:58:42.581Z",
    "end": "2024-04-25T13:58:55.933Z",
    "duration": 13352,
    "testsRegistered": 5,
    "passPercent": 100,
    "pendingPercent": 0,
    "other": 0,
    "hasOther": false,
    "skipped": 0,
    "hasSkipped": false
  },
  "results": [
    {
      "uuid": "5179baaf-48ae-4bfc-876f-056bd15198e2",
      "title": "",
      "fullFile": "cypress/e2e/LoginTests/LoginTest.cy.js",
      "file": "cypress/e2e/LoginTests/LoginTest.cy.js",
      "beforeHooks": [],
      "afterHooks": [],
      "tests": [],
      "suites": [
        {
          "uuid": "d2632f51-1a19-4d58-acd5-4d3ddd958807",
          "title": "Visit Practice Automation for Practice",
          "fullFile": "",
          "file": "",
          "beforeHooks": [],
          "afterHooks": [],
          "tests": [
            {
              "title": "Verify Successful Login with Valid Credentials",
              "fullTitle": "Visit Practice Automation for Practice Verify Successful Login with Valid Credentials",
              "timedOut": null,
              "duration": 8426,
              "state": "passed",
              "speed": "medium",
              "pass": true,
              "fail": false,
              "pending": false,
              "context": "{\n  \"title\": \"cypress-mochawesome-reporter-videos-passed\",\n  \"value\": \"cypress/e2e/LoginTests/LoginTest.cy.js\"\n}",
              "code": "const Credentials = creds.validCredentials;\nlp.verifyLoginPageDetailsPresent();\nlp.inputUsername(Credentials.username);\nlp.inputPassword(Credentials.password);\nlp.clicksubmitButton();\nlp.successfulLoginAfterPage();\nlp.signout();\nlp.verifyLoginPageDetailsPresent();",
              "err": {},
              "uuid": "ccabf7ea-c8e5-4ee4-b767-b3bfe22d707c",
              "parentUUID": "d2632f51-1a19-4d58-acd5-4d3ddd958807",
              "isHook": false,
              "skipped": false
            },
            {
              "title": "Verify Error Notification when Login with Inccorect Username and Correct Password",
              "fullTitle": "Visit Practice Automation for Practice Verify Error Notification when Login with Inccorect Username and Correct Password",
              "timedOut": null,
              "duration": 867,
              "state": "passed",
              "speed": "fast",
              "pass": true,
              "fail": false,
              "pending": false,
              "context": "{\n  \"title\": \"cypress-mochawesome-reporter-videos-passed\",\n  \"value\": \"cypress/e2e/LoginTests/LoginTest.cy.js\"\n}",
              "code": "const Credentials = creds.incorrectUsernameCredentials;\nlp.verifyLoginPageDetailsPresent();\nlp.inputUsername(Credentials.username);\nlp.inputPassword(Credentials.password);\nlp.clicksubmitButton();\nlp.verifyInvalidUsernamePopup();\nlp.verifyLoginPageDetailsPresent();",
              "err": {},
              "uuid": "16e6aef1-e37a-479d-a7a1-c9851eb61939",
              "parentUUID": "d2632f51-1a19-4d58-acd5-4d3ddd958807",
              "isHook": false,
              "skipped": false
            },
            {
              "title": "Verify Error Notification when Login with Correct Username and Invalid Password",
              "fullTitle": "Visit Practice Automation for Practice Verify Error Notification when Login with Correct Username and Invalid Password",
              "timedOut": null,
              "duration": 861,
              "state": "passed",
              "speed": "fast",
              "pass": true,
              "fail": false,
              "pending": false,
              "context": "{\n  \"title\": \"cypress-mochawesome-reporter-videos-passed\",\n  \"value\": \"cypress/e2e/LoginTests/LoginTest.cy.js\"\n}",
              "code": "const Credentials = creds.incorrectPasswordCredenntials;\nlp.verifyLoginPageDetailsPresent();\nlp.inputUsername(Credentials.username);\nlp.inputPassword(Credentials.password);\nlp.clicksubmitButton();\nlp.verifyInvalidPasswordPopup();\nlp.verifyLoginPageDetailsPresent();",
              "err": {},
              "uuid": "fd0fc1ad-aab4-42df-be30-0533805a0bf2",
              "parentUUID": "d2632f51-1a19-4d58-acd5-4d3ddd958807",
              "isHook": false,
              "skipped": false
            },
            {
              "title": "Verify Successful Login when login Credentials are fetched from Page and submitted",
              "fullTitle": "Visit Practice Automation for Practice Verify Successful Login when login Credentials are fetched from Page and submitted",
              "timedOut": null,
              "duration": 2899,
              "state": "passed",
              "speed": "fast",
              "pass": true,
              "fail": false,
              "pending": false,
              "context": "{\n  \"title\": \"cypress-mochawesome-reporter-videos-passed\",\n  \"value\": \"cypress/e2e/LoginTests/LoginTest.cy.js\"\n}",
              "code": "lp.verifyLoginPageDetailsPresent();\nlp.verifyLoginPageAppeared();\nlp.fetchLoginCredsfromPage();\nlp.successfulLoginAfterPage();\nlp.signout();\nlp.verifyLoginPageDetailsPresent();",
              "err": {},
              "uuid": "e3dd7134-610b-4046-86d1-aee1d7358795",
              "parentUUID": "d2632f51-1a19-4d58-acd5-4d3ddd958807",
              "isHook": false,
              "skipped": false
            },
            {
              "title": "Verify Username Error if Submit is clicked without entering Username and Password",
              "fullTitle": "Visit Practice Automation for Practice Verify Username Error if Submit is clicked without entering Username and Password",
              "timedOut": null,
              "duration": 147,
              "state": "passed",
              "speed": "fast",
              "pass": true,
              "fail": false,
              "pending": false,
              "context": "{\n  \"title\": \"cypress-mochawesome-reporter-videos-passed\",\n  \"value\": \"cypress/e2e/LoginTests/LoginTest.cy.js\"\n}",
              "code": "lp.verifyLoginPageDetailsPresent();\nlp.verifyLoginPageAppeared();\nlp.clicksubmitButton();\nlp.verifyInvalidUsernamePopup();\nlp.verifyLoginPageDetailsPresent();",
              "err": {},
              "uuid": "114474d7-d74c-44dc-bc8a-1dfad8bd8214",
              "parentUUID": "d2632f51-1a19-4d58-acd5-4d3ddd958807",
              "isHook": false,
              "skipped": false
            }
          ],
          "suites": [],
          "passes": [
            "ccabf7ea-c8e5-4ee4-b767-b3bfe22d707c",
            "16e6aef1-e37a-479d-a7a1-c9851eb61939",
            "fd0fc1ad-aab4-42df-be30-0533805a0bf2",
            "e3dd7134-610b-4046-86d1-aee1d7358795",
            "114474d7-d74c-44dc-bc8a-1dfad8bd8214"
          ],
          "failures": [],
          "pending": [],
          "skipped": [],
          "duration": 13200,
          "root": false,
          "rootEmpty": false,
          "_timeout": 2000
        }
      ],
      "passes": [],
      "failures": [],
      "pending": [],
      "skipped": [],
      "duration": 0,
      "root": true,
      "rootEmpty": true,
      "_timeout": 2000
    }
  ],
  "meta": {
    "mocha": {
      "version": "7.0.1"
    },
    "mochawesome": {
      "options": {
        "quiet": false,
        "reportFilename": "mochawesome",
        "saveHtml": true,
        "saveJson": true,
        "consoleReporter": "spec",
        "useInlineDiffs": false,
        "code": true
      },
      "version": "7.1.3"
    },
    "marge": {
      "options": null,
      "version": "6.2.0"
    }
  }
}